<?xml version="1.0" encoding="UTF-8"?>
<testsuite xmlns:xsi="http://www.w3.org/2001/XMLSchema-instance" xsi:noNamespaceSchemaLocation="https://maven.apache.org/surefire/maven-surefire-plugin/xsd/surefire-test-report-3.0.xsd" version="3.0" name="com.baimiaomiao.ibatis.test.GodBatisTest" time="0.55" tests="3" errors="0" skipped="0" failures="0">
  <properties>
    <property name="java.specification.version" value="19"/>
    <property name="sun.jnu.encoding" value="UTF-8"/>
    <property name="java.class.path" value="/Users/miaopeng/code/java/code_exercise/Mybatis/GodBatis/target/test-classes:/Users/miaopeng/code/java/code_exercise/Mybatis/GodBatis/target/classes:/Users/miaopeng/Library/maven/repository/jaxen/jaxen/2.0.0/jaxen-2.0.0.jar:/Users/miaopeng/Library/maven/repository/org/dom4j/dom4j/2.1.4/dom4j-2.1.4.jar:/Users/miaopeng/Library/maven/repository/junit/junit/4.13.2/junit-4.13.2.jar:/Users/miaopeng/Library/maven/repository/org/hamcrest/hamcrest-core/1.3/hamcrest-core-1.3.jar:/Users/miaopeng/Library/maven/repository/com/mysql/mysql-connector-j/8.0.32/mysql-connector-j-8.0.32.jar:/Users/miaopeng/Library/maven/repository/com/google/protobuf/protobuf-java/3.21.9/protobuf-java-3.21.9.jar:"/>
    <property name="java.vm.vendor" value="Oracle Corporation"/>
    <property name="sun.arch.data.model" value="64"/>
    <property name="java.vendor.url" value="https://java.oracle.com/"/>
    <property name="os.name" value="Mac OS X"/>
    <property name="java.vm.specification.version" value="19"/>
    <property name="sun.java.launcher" value="SUN_STANDARD"/>
    <property name="user.country" value="CN"/>
    <property name="sun.boot.library.path" value="/Users/miaopeng/Library/Java/JavaVirtualMachines/openjdk-19.0.2/Contents/Home/lib"/>
    <property name="sun.java.command" value="/Users/miaopeng/code/java/code_exercise/Mybatis/GodBatis/target/surefire/surefirebooter-20230420153913551_3.jar /Users/miaopeng/code/java/code_exercise/Mybatis/GodBatis/target/surefire 2023-04-20T15-39-13_463-jvmRun1 surefire-20230420153913551_1tmp surefire_0-20230420153913551_2tmp"/>
    <property name="jdk.debug" value="release"/>
    <property name="surefire.test.class.path" value="/Users/miaopeng/code/java/code_exercise/Mybatis/GodBatis/target/test-classes:/Users/miaopeng/code/java/code_exercise/Mybatis/GodBatis/target/classes:/Users/miaopeng/Library/maven/repository/jaxen/jaxen/2.0.0/jaxen-2.0.0.jar:/Users/miaopeng/Library/maven/repository/org/dom4j/dom4j/2.1.4/dom4j-2.1.4.jar:/Users/miaopeng/Library/maven/repository/junit/junit/4.13.2/junit-4.13.2.jar:/Users/miaopeng/Library/maven/repository/org/hamcrest/hamcrest-core/1.3/hamcrest-core-1.3.jar:/Users/miaopeng/Library/maven/repository/com/mysql/mysql-connector-j/8.0.32/mysql-connector-j-8.0.32.jar:/Users/miaopeng/Library/maven/repository/com/google/protobuf/protobuf-java/3.21.9/protobuf-java-3.21.9.jar:"/>
    <property name="sun.cpu.endian" value="little"/>
    <property name="user.home" value="/Users/miaopeng"/>
    <property name="user.language" value="zh"/>
    <property name="java.specification.vendor" value="Oracle Corporation"/>
    <property name="java.version.date" value="2023-01-17"/>
    <property name="java.home" value="/Users/miaopeng/Library/Java/JavaVirtualMachines/openjdk-19.0.2/Contents/Home"/>
    <property name="file.separator" value="/"/>
    <property name="basedir" value="/Users/miaopeng/code/java/code_exercise/Mybatis/GodBatis"/>
    <property name="java.vm.compressedOopsMode" value="Zero based"/>
    <property name="line.separator" value="&#10;"/>
    <property name="java.vm.specification.vendor" value="Oracle Corporation"/>
    <property name="java.specification.name" value="Java Platform API Specification"/>
    <property name="apple.awt.application.name" value="ForkedBooter"/>
    <property name="surefire.real.class.path" value="/Users/miaopeng/code/java/code_exercise/Mybatis/GodBatis/target/surefire/surefirebooter-20230420153913551_3.jar"/>
    <property name="user.script" value="Hans"/>
    <property name="sun.management.compiler" value="HotSpot 64-Bit Tiered Compilers"/>
    <property name="java.runtime.version" value="19.0.2+7-44"/>
    <property name="user.name" value="miaopeng"/>
    <property name="stdout.encoding" value="UTF-8"/>
    <property name="path.separator" value=":"/>
    <property name="os.version" value="13.2.1"/>
    <property name="java.runtime.name" value="OpenJDK Runtime Environment"/>
    <property name="file.encoding" value="UTF-8"/>
    <property name="java.vm.name" value="OpenJDK 64-Bit Server VM"/>
    <property name="localRepository" value="/Users/miaopeng/Library/maven/repository"/>
    <property name="java.vendor.url.bug" value="https://bugreport.java.com/bugreport/"/>
    <property name="java.io.tmpdir" value="/var/folders/w9/g4pymrv10nlg9ccjdzgxwlh40000gn/T/"/>
    <property name="idea.version" value="2022.3.2"/>
    <property name="java.version" value="19.0.2"/>
    <property name="user.dir" value="/Users/miaopeng/code/java/code_exercise/Mybatis/GodBatis"/>
    <property name="os.arch" value="x86_64"/>
    <property name="java.vm.specification.name" value="Java Virtual Machine Specification"/>
    <property name="native.encoding" value="UTF-8"/>
    <property name="java.library.path" value="/Users/miaopeng/Library/Java/Extensions:/Library/Java/Extensions:/Network/Library/Java/Extensions:/System/Library/Java/Extensions:/usr/lib/java:."/>
    <property name="java.vm.info" value="mixed mode, sharing"/>
    <property name="stderr.encoding" value="UTF-8"/>
    <property name="java.vendor" value="Oracle Corporation"/>
    <property name="java.vm.version" value="19.0.2+7-44"/>
    <property name="sun.io.unicode.encoding" value="UnicodeBig"/>
    <property name="maven.repo.local" value="/Users/miaopeng/Library/maven/repository"/>
    <property name="java.class.version" value="63.0"/>
  </properties>
  <testcase name="testSelectOne" classname="com.baimiaomiao.ibatis.test.GodBatisTest" time="0.47">
    <system-out><![CDATA[User{id='1111', name='zhangsan', age='20'}
]]></system-out>
  </testcase>
  <testcase name="testInsertUser" classname="com.baimiaomiao.ibatis.test.GodBatisTest" time="0.026">
    <system-out><![CDATA[执行条数：1
]]></system-out>
  </testcase>
  <testcase name="testSqlSessionFactory" classname="com.baimiaomiao.ibatis.test.GodBatisTest" time="0.005">
    <system-out><![CDATA[com.baimiaomiao.ibatis.core.SqlSessionFactory@32c726ee
]]></system-out>
  </testcase>
</testsuite>